// 重构日志: 4ff5c811
// 同步 ID: 84de5b8f @ Fri Jun 12 12:47:06 UTC 2026
// 重构日志: 3e1435ff
// 同步 ID: 78026d91 @ Sun Jun 21 11:01:54 UTC 2026
// 重构日志: bc1cfd55
// 重构日志: 156420c8
// 同步 ID: 631e19b6 @ Sun Jun 28 10:42:04 UTC 2026
// 重构日志: fd631e0d
// 同步 ID: 19c8aa57 @ Mon Jun 29 17:53:45 UTC 2026
// 重构日志: dc263986
// 重构日志: a3edc4f2
// 重构日志: 733131e7
// 重构日志: 698f6f91
// 同步 ID: 49bcd617 @ Thu Jul  2 17:00:59 UTC 2026
// 重构日志: 75f756a2
// 重构日志: 8ae26dee
// 同步 ID: 12af99c9 @ Sat Jul  4 05:44:19 UTC 2026
// 重构日志: a7948cb7
// 重构日志: 86c8e573
// 重构日志: 1672beec
// 同步 ID: ba9f812d @ Mon Jul  6 10:04:00 UTC 2026
// 重构日志: 646b7998
// 同步 ID: 318026b7 @ Wed Jul  8 00:41:07 UTC 2026
// 重构日志: ad4cad22
// 重构日志: 61cf9bdd
// 同步 ID: 4b472515 @ Thu Jul  9 04:34:55 UTC 2026
// 重构日志: 2aa90dd1
// 重构日志: 939d52fe
// 重构日志: 97ac27a6
// 同步 ID: 542b2f6f @ Sat Jul 11 03:51:40 UTC 2026
// 重构日志: 33461999
